pass 2

* = $06C3

06C3 SHOWEN = 05CA
06C3 ZEROIZ = 056D
06C3 MOVROT = 05E5
06C3 TIMEOC = 05C5
06C3 MNURET = 0580

06C3 ENIGV1 = 004F
06C3 ONE_LE 
06C3 ENIGVA = 0050
06C3 RINGST = 0053
06C3 REM_RO 
06C3 ROTORS = 0057
06C3 REM_RE 
06C3 LROTOR = 0058
06C3 KEYIN  = 005B
06C3 KEYOUT = 005C

06C3 TIMEO1 = 005D
06C3 TMP01  = 005E
06C3 TMP02  = 005F
06C3 TMP03  = 0060
06C3 TMP04  = 0061
06C3 TMP05  = 0062
06C3 TMP06  = 0063

06C3 DISP3  = 00F9

06C3 GETKEY = 1F6A
06C3 SCANS  = 1F1F


06C3 REM_SU 

06C3 REM_A_ 

06C3 REM_FR 

06C3 REM_TO 
06C3 COPY   
06C3        STA *TMP01      85 5E

06C5 COPYDO 
06C5        LDA *$00,X      B5 00
06C7        STA $0000,Y     99 00 00
06CA        INX             E8
06CB        INY             C8
06CC        DEC *TMP01      C6 5E
06CE        BNE COPYDO      D0 F5
06D0        RTS             60


06D1 REM_SU 
06D1 READKY 

06D1        LDX #$0F        A2 0F
06D3        STX *KEYIN      86 5B

06D5        JSR SHOWEN      20 CA 05
06D8        JSR SCANS       20 1F 1F
06DB        JSR GETKEY      20 6A 1F

06DE        CMP #$15        C9 15
06E0        BCS READKY      B0 EF
06E2 REM_IF 

06E2        CMP #$13        C9 13
06E4 REM_GO 
06E4        BNE READKG      D0 07
06E6        TSX             BA
06E7 REM_BA 
06E7        INX             E8
06E8        INX             E8
06E9 REM_DI 
06E9        TXS             9A
06EA REM_AN 
06EA        JMP ZEROIZ      4C 6D 05
06ED REM_SE 
06ED READKG 

06ED        CMP #$0B        C9 0B
06EF        BCC READKY      90 E0
06F1 REM_IF 

06F1        RTS             60


06F2 REM_SU 
06F2 SETUP  
06F2        LDA #$04        A9 04
06F4        LDX #ROTORS     A2 57
06F6        LDY #TMP06      A0 63
06F8        JSR COPY        20 C3 06

06FB        LDA #$03        A9 03
06FD        LDX #ENIGVA     A2 50
06FF        LDY #LROTOR     A0 58
0701        JSR COPY        20 C3 06

0704 SETF1  

0704        LDX #$00        A2 00
0706        STX *ROTORS     86 57
0708        INX             E8
0709        STX *KEYOUT     86 5C

070B SETF1E 

070B        JSR READKY      20 D1 06

070E        CMP #$0B        C9 0B
0710        BEQ SETCHK      F0 1B

0712        JSR MOVROT      20 E5 05

0715        LDX #$03        A2 03
0717 REM_OV 
0717 SETOVF 
0717 REM_TU 
0717        LDA *ROTORS,X   B5 57
0719        CMP #$00        C9 00
071B        BNE SETNZ       D0 02
071D        LDA #$03        A9 03
071F SETNZ  
071F        CMP #$04        C9 04
0721        BNE SETNF       D0 02
0723        LDA #$01        A9 01
0725 SETNF  
0725        STA *ROTORS,X   95 57
0727        DEX             CA
0728        BNE SETOVF      D0 ED

072A        JMP SETF1       4C 04 07

072D SETCHK 

072D        LDX #$03        A2 03
072F        STX *TMP02      86 5F

0731        LDX #$00        A2 00
0733        STX *TMP03      86 60
0735        STX *TMP04      86 61
0737        STX *TMP05      86 62

0739 SETCHL 
0739        LDX *TMP02      A6 5F
073B        LDA *ROTORS,X   B5 57
073D        TAX             AA
073E        LDA #$01        A9 01
0740        STA *TMP02,X    95 5F
0742        DEC *TMP02      C6 5F
0744        BNE SETCHL      D0 F3

0746        LDX #$03        A2 03
0748        LDA #$00        A9 00
074A        TAY             A8
074B SETCHD 
074B        CLC             18
074C        ADC *TMP02,X    75 5F
074E        STY *TMP02,X    94 5F
0750        DEX             CA
0751        BNE SETCHD      D0 F8

0753        CMP #$03        C9 03
0755        BEQ SETUOK      F0 08

0757        LDA #$0E        A9 0E
0759        JSR TIMEOC      20 C5 05
075C        JMP SETF1E      4C 0B 07

075F SETUOK 

075F        LDA #$03        A9 03
0761 REM_A_ 
0761        LDX #LROTOR     A2 58
0763        LDY #ENIGVA     A0 50
0765        JSR COPY        20 C3 06

0768        LDA #$04        A9 04
076A        LDX #RINGST     A2 53
076C        LDY #ROTORS     A0 57
076E        JSR COPY        20 C3 06

0771 SETF2  

0771        LDX #$02        A2 02
0773        STX *KEYOUT     86 5C

0775        JSR READKY      20 D1 06

0778        CMP #$0B        C9 0B
077A        BEQ RNGCHK      F0 06

077C        JSR MOVROT      20 E5 05

077F        JMP SETF2       4C 71 07

0782 RNGCHK 

0782        LDA #$04        A9 04
0784        LDX #ROTORS     A2 57
0786        LDY #RINGST     A0 53
0788        JSR COPY        20 C3 06

078B SETF3  

078B        LDA #$03        A9 03
078D        LDX #$4C        A2 4C
078F        LDY #ROTORS     A0 57
0791        JSR COPY        20 C3 06

0794        LDX #$03        A2 03
0796        STX *KEYOUT     86 5C

0798        LDA *ENIGV1     A5 4F
079A        STA *$5A        85 5A

079C        JSR READKY      20 D1 06

079F        CMP #$0B        C9 0B
07A1        BEQ GEACHK      F0 16

07A3        JSR MOVROT      20 E5 05

07A6        LDA *$5A        A5 5A
07A8        CMP #$09        C9 09
07AA        BNE F3NOOV      D0 02
07AC        LDA #$01        A9 01
07AE F3NOOV 
07AE        CMP #$02        C9 02
07B0        BNE F3NOUF      D0 02
07B2        LDA #$00        A9 00
07B4 F3NOUF 
07B4        STA *ENIGV1     85 4F

07B6        JMP SETF3       4C 8B 07

07B9 GEACHK 

07B9        LDA #$04        A9 04
07BB        LDX #TMP06      A2 63
07BD        LDY #ROTORS     A0 57
07BF        JSR COPY        20 C3 06

07C2        LDA #$00        A9 00
07C4        JSR TIMEOC      20 C5 05

07C7        JMP MNURET      4C 80 05

done.
